[0.537s] DEBUG:colcon:Command line arguments: ['/usr/local/bin/colcon', 'build']
[0.537s] DEBUG:colcon:Parsed command line arguments: Namespace(ament_cmake_args=None, base_paths=['.'], build_base='build', catkin_cmake_args=None, catkin_skip_building_tests=False, cmake_args=None, cmake_clean_cache=False, cmake_clean_first=False, cmake_force_configure=False, cmake_target=None, cmake_target_skip_unavailable=False, continue_on_error=False, event_handlers=None, executor='parallel', ignore_user_meta=False, install_base='install', log_base=None, log_level=None, main=<bound method BuildVerb.main of <colcon_core.verb.build.BuildVerb object at 0x7f8f4bf208>>, merge_install=False, metas=['./colcon.meta'], packages_above=None, packages_above_and_dependencies=None, packages_above_depth=None, packages_end=None, packages_ignore=None, packages_ignore_regex=None, packages_select=None, packages_select_build_failed=False, packages_select_by_dep=None, packages_select_regex=None, packages_select_test_failures=False, packages_skip=None, packages_skip_build_finished=False, packages_skip_by_dep=None, packages_skip_regex=None, packages_skip_test_passed=False, packages_skip_up_to=None, packages_start=None, packages_up_to=None, packages_up_to_regex=None, parallel_workers=8, paths=None, symlink_install=False, test_result_base=None, verb_extension=<colcon_core.verb.build.BuildVerb object at 0x7f8f4bf208>, verb_name='build', verb_parser=<colcon_defaults.argument_parser.defaults.DefaultArgumentsDecorator object at 0x7f8f4479e8>)
[0.699s] Level 1:colcon.colcon_core.package_discovery:discover_packages(colcon_meta) check parameters
[0.700s] Level 1:colcon.colcon_core.package_discovery:discover_packages(recursive) check parameters
[0.700s] Level 1:colcon.colcon_core.package_discovery:discover_packages(ignore) check parameters
[0.700s] Level 1:colcon.colcon_core.package_discovery:discover_packages(path) check parameters
[0.700s] Level 1:colcon.colcon_core.package_discovery:discover_packages(colcon_meta) discover
[0.700s] Level 1:colcon.colcon_core.package_discovery:discover_packages(recursive) discover
[0.700s] INFO:colcon.colcon_core.package_discovery:Crawling recursively for packages in '/home/root/march_31_ws'
[0.700s] Level 1:colcon.colcon_core.package_identification:_identify(.) by extensions ['ignore', 'ignore_ament_install']
[0.701s] Level 1:colcon.colcon_core.package_identification:_identify(.) by extension 'ignore'
[0.701s] Level 1:colcon.colcon_core.package_identification:_identify(.) by extension 'ignore_ament_install'
[0.701s] Level 1:colcon.colcon_core.package_identification:_identify(.) by extensions ['colcon_pkg']
[0.701s] Level 1:colcon.colcon_core.package_identification:_identify(.) by extension 'colcon_pkg'
[0.701s] Level 1:colcon.colcon_core.package_identification:_identify(.) by extensions ['colcon_meta']
[0.701s] Level 1:colcon.colcon_core.package_identification:_identify(.) by extension 'colcon_meta'
[0.701s] Level 1:colcon.colcon_core.package_identification:_identify(.) by extensions ['ros']
[0.701s] Level 1:colcon.colcon_core.package_identification:_identify(.) by extension 'ros'
[0.753s] Level 1:colcon.colcon_core.package_identification:_identify(.) by extensions ['cmake', 'python']
[0.754s] Level 1:colcon.colcon_core.package_identification:_identify(.) by extension 'cmake'
[0.754s] Level 1:colcon.colcon_core.package_identification:_identify(.) by extension 'python'
[0.754s] Level 1:colcon.colcon_core.package_identification:_identify(.) by extensions ['python_setup_py']
[0.754s] Level 1:colcon.colcon_core.package_identification:_identify(.) by extension 'python_setup_py'
[0.754s] Level 1:colcon.colcon_core.package_identification:_identify(build) by extensions ['ignore', 'ignore_ament_install']
[0.754s] Level 1:colcon.colcon_core.package_identification:_identify(build) by extension 'ignore'
[0.754s] Level 1:colcon.colcon_core.package_identification:_identify(build) ignored
[0.755s] Level 1:colcon.colcon_core.package_identification:_identify(install) by extensions ['ignore', 'ignore_ament_install']
[0.755s] Level 1:colcon.colcon_core.package_identification:_identify(install) by extension 'ignore'
[0.755s] Level 1:colcon.colcon_core.package_identification:_identify(install) ignored
[0.755s] Level 1:colcon.colcon_core.package_identification:_identify(log) by extensions ['ignore', 'ignore_ament_install']
[0.756s] Level 1:colcon.colcon_core.package_identification:_identify(log) by extension 'ignore'
[0.756s] Level 1:colcon.colcon_core.package_identification:_identify(log) ignored
[0.756s] Level 1:colcon.colcon_core.package_identification:_identify(src) by extensions ['ignore', 'ignore_ament_install']
[0.756s] Level 1:colcon.colcon_core.package_identification:_identify(src) by extension 'ignore'
[0.756s] Level 1:colcon.colcon_core.package_identification:_identify(src) by extension 'ignore_ament_install'
[0.756s] Level 1:colcon.colcon_core.package_identification:_identify(src) by extensions ['colcon_pkg']
[0.756s] Level 1:colcon.colcon_core.package_identification:_identify(src) by extension 'colcon_pkg'
[0.756s] Level 1:colcon.colcon_core.package_identification:_identify(src) by extensions ['colcon_meta']
[0.756s] Level 1:colcon.colcon_core.package_identification:_identify(src) by extension 'colcon_meta'
[0.756s] Level 1:colcon.colcon_core.package_identification:_identify(src) by extensions ['ros']
[0.756s] Level 1:colcon.colcon_core.package_identification:_identify(src) by extension 'ros'
[0.756s] Level 1:colcon.colcon_core.package_identification:_identify(src) by extensions ['cmake', 'python']
[0.756s] Level 1:colcon.colcon_core.package_identification:_identify(src) by extension 'cmake'
[0.756s] Level 1:colcon.colcon_core.package_identification:_identify(src) by extension 'python'
[0.757s] Level 1:colcon.colcon_core.package_identification:_identify(src) by extensions ['python_setup_py']
[0.757s] Level 1:colcon.colcon_core.package_identification:_identify(src) by extension 'python_setup_py'
[0.760s] Level 1:colcon.colcon_core.package_identification:_identify(src/px4_msgs) by extensions ['ignore', 'ignore_ament_install']
[0.760s] Level 1:colcon.colcon_core.package_identification:_identify(src/px4_msgs) by extension 'ignore'
[0.760s] Level 1:colcon.colcon_core.package_identification:_identify(src/px4_msgs) by extension 'ignore_ament_install'
[0.760s] Level 1:colcon.colcon_core.package_identification:_identify(src/px4_msgs) by extensions ['colcon_pkg']
[0.761s] Level 1:colcon.colcon_core.package_identification:_identify(src/px4_msgs) by extension 'colcon_pkg'
[0.761s] Level 1:colcon.colcon_core.package_identification:_identify(src/px4_msgs) by extensions ['colcon_meta']
[0.761s] Level 1:colcon.colcon_core.package_identification:_identify(src/px4_msgs) by extension 'colcon_meta'
[0.761s] Level 1:colcon.colcon_core.package_identification:_identify(src/px4_msgs) by extensions ['ros']
[0.761s] Level 1:colcon.colcon_core.package_identification:_identify(src/px4_msgs) by extension 'ros'
[0.766s] DEBUG:colcon.colcon_core.package_identification:Package 'src/px4_msgs' with type 'ros.ament_cmake' and name 'px4_msgs'
[0.766s] Level 1:colcon.colcon_core.package_identification:_identify(src/px4_ros_com) by extensions ['ignore', 'ignore_ament_install']
[0.766s] Level 1:colcon.colcon_core.package_identification:_identify(src/px4_ros_com) by extension 'ignore'
[0.766s] Level 1:colcon.colcon_core.package_identification:_identify(src/px4_ros_com) by extension 'ignore_ament_install'
[0.766s] Level 1:colcon.colcon_core.package_identification:_identify(src/px4_ros_com) by extensions ['colcon_pkg']
[0.766s] Level 1:colcon.colcon_core.package_identification:_identify(src/px4_ros_com) by extension 'colcon_pkg'
[0.766s] Level 1:colcon.colcon_core.package_identification:_identify(src/px4_ros_com) by extensions ['colcon_meta']
[0.767s] Level 1:colcon.colcon_core.package_identification:_identify(src/px4_ros_com) by extension 'colcon_meta'
[0.767s] Level 1:colcon.colcon_core.package_identification:_identify(src/px4_ros_com) by extensions ['ros']
[0.767s] Level 1:colcon.colcon_core.package_identification:_identify(src/px4_ros_com) by extension 'ros'
[0.769s] DEBUG:colcon.colcon_core.package_identification:Package 'src/px4_ros_com' with type 'ros.ament_cmake' and name 'px4_ros_com'
[0.769s] Level 1:colcon.colcon_core.package_identification:_identify(src/starling_hover) by extensions ['ignore', 'ignore_ament_install']
[0.769s] Level 1:colcon.colcon_core.package_identification:_identify(src/starling_hover) by extension 'ignore'
[0.769s] Level 1:colcon.colcon_core.package_identification:_identify(src/starling_hover) by extension 'ignore_ament_install'
[0.769s] Level 1:colcon.colcon_core.package_identification:_identify(src/starling_hover) by extensions ['colcon_pkg']
[0.769s] Level 1:colcon.colcon_core.package_identification:_identify(src/starling_hover) by extension 'colcon_pkg'
[0.769s] Level 1:colcon.colcon_core.package_identification:_identify(src/starling_hover) by extensions ['colcon_meta']
[0.769s] Level 1:colcon.colcon_core.package_identification:_identify(src/starling_hover) by extension 'colcon_meta'
[0.769s] Level 1:colcon.colcon_core.package_identification:_identify(src/starling_hover) by extensions ['ros']
[0.769s] Level 1:colcon.colcon_core.package_identification:_identify(src/starling_hover) by extension 'ros'
[0.770s] DEBUG:colcon.colcon_core.package_identification:Package 'src/starling_hover' with type 'ros.ament_python' and name 'starling_hover'
[0.770s] Level 1:colcon.colcon_core.package_discovery:discover_packages(recursive) using defaults
[0.771s] Level 1:colcon.colcon_core.package_discovery:discover_packages(ignore) discover
[0.771s] Level 1:colcon.colcon_core.package_discovery:discover_packages(ignore) using defaults
[0.771s] Level 1:colcon.colcon_core.package_discovery:discover_packages(path) discover
[0.771s] Level 1:colcon.colcon_core.package_discovery:discover_packages(path) using defaults
[0.821s] Level 5:colcon.colcon_core.verb:set package 'px4_msgs' build argument 'cmake_args' from command line to 'None'
[0.821s] Level 5:colcon.colcon_core.verb:set package 'px4_msgs' build argument 'cmake_target' from command line to 'None'
[0.821s] Level 5:colcon.colcon_core.verb:set package 'px4_msgs' build argument 'cmake_target_skip_unavailable' from command line to 'False'
[0.821s] Level 5:colcon.colcon_core.verb:set package 'px4_msgs' build argument 'cmake_clean_cache' from command line to 'False'
[0.821s] Level 5:colcon.colcon_core.verb:set package 'px4_msgs' build argument 'cmake_clean_first' from command line to 'False'
[0.821s] Level 5:colcon.colcon_core.verb:set package 'px4_msgs' build argument 'cmake_force_configure' from command line to 'False'
[0.821s] Level 5:colcon.colcon_core.verb:set package 'px4_msgs' build argument 'ament_cmake_args' from command line to 'None'
[0.821s] Level 5:colcon.colcon_core.verb:set package 'px4_msgs' build argument 'catkin_cmake_args' from command line to 'None'
[0.821s] Level 5:colcon.colcon_core.verb:set package 'px4_msgs' build argument 'catkin_skip_building_tests' from command line to 'False'
[0.821s] DEBUG:colcon.colcon_core.verb:Building package 'px4_msgs' with the following arguments: {'ament_cmake_args': None, 'build_base': '/home/root/march_31_ws/build/px4_msgs', 'catkin_cmake_args': None, 'catkin_skip_building_tests': False, 'cmake_args': None, 'cmake_clean_cache': False, 'cmake_clean_first': False, 'cmake_force_configure': False, 'cmake_target': None, 'cmake_target_skip_unavailable': False, 'install_base': '/home/root/march_31_ws/install/px4_msgs', 'merge_install': False, 'path': '/home/root/march_31_ws/src/px4_msgs', 'symlink_install': False, 'test_result_base': None}
[0.822s] Level 5:colcon.colcon_core.verb:set package 'starling_hover' build argument 'cmake_args' from command line to 'None'
[0.822s] Level 5:colcon.colcon_core.verb:set package 'starling_hover' build argument 'cmake_target' from command line to 'None'
[0.822s] Level 5:colcon.colcon_core.verb:set package 'starling_hover' build argument 'cmake_target_skip_unavailable' from command line to 'False'
[0.822s] Level 5:colcon.colcon_core.verb:set package 'starling_hover' build argument 'cmake_clean_cache' from command line to 'False'
[0.822s] Level 5:colcon.colcon_core.verb:set package 'starling_hover' build argument 'cmake_clean_first' from command line to 'False'
[0.822s] Level 5:colcon.colcon_core.verb:set package 'starling_hover' build argument 'cmake_force_configure' from command line to 'False'
[0.822s] Level 5:colcon.colcon_core.verb:set package 'starling_hover' build argument 'ament_cmake_args' from command line to 'None'
[0.822s] Level 5:colcon.colcon_core.verb:set package 'starling_hover' build argument 'catkin_cmake_args' from command line to 'None'
[0.822s] Level 5:colcon.colcon_core.verb:set package 'starling_hover' build argument 'catkin_skip_building_tests' from command line to 'False'
[0.822s] DEBUG:colcon.colcon_core.verb:Building package 'starling_hover' with the following arguments: {'ament_cmake_args': None, 'build_base': '/home/root/march_31_ws/build/starling_hover', 'catkin_cmake_args': None, 'catkin_skip_building_tests': False, 'cmake_args': None, 'cmake_clean_cache': False, 'cmake_clean_first': False, 'cmake_force_configure': False, 'cmake_target': None, 'cmake_target_skip_unavailable': False, 'install_base': '/home/root/march_31_ws/install/starling_hover', 'merge_install': False, 'path': '/home/root/march_31_ws/src/starling_hover', 'symlink_install': False, 'test_result_base': None}
[0.823s] Level 5:colcon.colcon_core.verb:set package 'px4_ros_com' build argument 'cmake_args' from command line to 'None'
[0.823s] Level 5:colcon.colcon_core.verb:set package 'px4_ros_com' build argument 'cmake_target' from command line to 'None'
[0.823s] Level 5:colcon.colcon_core.verb:set package 'px4_ros_com' build argument 'cmake_target_skip_unavailable' from command line to 'False'
[0.823s] Level 5:colcon.colcon_core.verb:set package 'px4_ros_com' build argument 'cmake_clean_cache' from command line to 'False'
[0.823s] Level 5:colcon.colcon_core.verb:set package 'px4_ros_com' build argument 'cmake_clean_first' from command line to 'False'
[0.823s] Level 5:colcon.colcon_core.verb:set package 'px4_ros_com' build argument 'cmake_force_configure' from command line to 'False'
[0.823s] Level 5:colcon.colcon_core.verb:set package 'px4_ros_com' build argument 'ament_cmake_args' from command line to 'None'
[0.823s] Level 5:colcon.colcon_core.verb:set package 'px4_ros_com' build argument 'catkin_cmake_args' from command line to 'None'
[0.823s] Level 5:colcon.colcon_core.verb:set package 'px4_ros_com' build argument 'catkin_skip_building_tests' from command line to 'False'
[0.823s] DEBUG:colcon.colcon_core.verb:Building package 'px4_ros_com' with the following arguments: {'ament_cmake_args': None, 'build_base': '/home/root/march_31_ws/build/px4_ros_com', 'catkin_cmake_args': None, 'catkin_skip_building_tests': False, 'cmake_args': None, 'cmake_clean_cache': False, 'cmake_clean_first': False, 'cmake_force_configure': False, 'cmake_target': None, 'cmake_target_skip_unavailable': False, 'install_base': '/home/root/march_31_ws/install/px4_ros_com', 'merge_install': False, 'path': '/home/root/march_31_ws/src/px4_ros_com', 'symlink_install': False, 'test_result_base': None}
[0.823s] INFO:colcon.colcon_core.executor:Executing jobs using 'parallel' executor
[0.826s] DEBUG:colcon.colcon_parallel_executor.executor.parallel:run_until_complete
[0.826s] INFO:colcon.colcon_ros.task.ament_cmake.build:Building ROS package in '/home/root/march_31_ws/src/px4_msgs' with build type 'ament_cmake'
[0.826s] INFO:colcon.colcon_cmake.task.cmake.build:Building CMake package in '/home/root/march_31_ws/src/px4_msgs'
[0.833s] INFO:colcon.colcon_core.plugin_system:Skipping extension 'colcon_core.shell.bat': Not used on non-Windows systems
[0.833s] INFO:colcon.colcon_core.shell:Skip shell extension 'powershell' for command environment: Not usable outside of PowerShell
[0.833s] DEBUG:colcon.colcon_core.shell:Skip shell extension 'dsv' for command environment
[0.843s] INFO:colcon.colcon_ros.task.ament_python.build:Building ROS package in '/home/root/march_31_ws/src/starling_hover' with build type 'ament_python'
[0.844s] Level 1:colcon.colcon_core.shell:create_environment_hook('starling_hover', 'ament_prefix_path')
[0.844s] INFO:colcon.colcon_core.shell:Creating environment hook '/home/root/march_31_ws/install/starling_hover/share/starling_hover/hook/ament_prefix_path.ps1'
[0.847s] INFO:colcon.colcon_core.shell:Creating environment descriptor '/home/root/march_31_ws/install/starling_hover/share/starling_hover/hook/ament_prefix_path.dsv'
[0.848s] INFO:colcon.colcon_core.shell:Creating environment hook '/home/root/march_31_ws/install/starling_hover/share/starling_hover/hook/ament_prefix_path.sh'
[0.849s] INFO:colcon.colcon_core.shell:Skip shell extension 'powershell' for command environment: Not usable outside of PowerShell
[0.849s] DEBUG:colcon.colcon_core.shell:Skip shell extension 'dsv' for command environment
[0.870s] DEBUG:colcon.colcon_core.event_handler.log_command:Invoking command in '/home/root/march_31_ws/build/px4_msgs': CMAKE_PREFIX_PATH=${CMAKE_PREFIX_PATH}:/home/root/march_31_ws/install/starling_hover:/opt/ros/foxy/mpa_to_ros2/install/voxl_offboard_figure8 SHLVL=2 _=/usr/bin/env /usr/bin/cmake /home/root/march_31_ws/src/px4_msgs -DCMAKE_INSTALL_PREFIX=/home/root/march_31_ws/install/px4_msgs
[1.179s] INFO:colcon.colcon_core.task.python.build:Building Python package in '/home/root/march_31_ws/src/starling_hover'
[1.193s] INFO:colcon.colcon_core.shell:Skip shell extension 'powershell' for command environment: Not usable outside of PowerShell
[1.194s] DEBUG:colcon.colcon_core.shell:Skip shell extension 'dsv' for command environment
[1.736s] DEBUG:colcon.colcon_core.event_handler.log_command:Invoking command in '/home/root/march_31_ws/src/starling_hover': PYTHONPATH=/home/root/march_31_ws/build/starling_hover/prefix_override:/usr/local/lib/python3.6/dist-packages/colcon_core/task/python/colcon_distutils_commands:/home/root/march_31_ws/install/starling_hover/lib/python3.6/site-packages:${PYTHONPATH} SHLVL=2 _=/usr/bin/env /usr/bin/python3 -W ignore:setup.py install is deprecated -W ignore:easy_install command is deprecated setup.py egg_info --egg-base ../../build/starling_hover build --build-base /home/root/march_31_ws/build/starling_hover/build install --record /home/root/march_31_ws/build/starling_hover/install.log --install-scripts $base/lib/starling_hover --single-version-externally-managed install_data
[2.123s] DEBUG:colcon.colcon_core.event_handler.log_command:Invoked command in '/home/root/march_31_ws/src/starling_hover' returned '0': PYTHONPATH=/home/root/march_31_ws/build/starling_hover/prefix_override:/usr/local/lib/python3.6/dist-packages/colcon_core/task/python/colcon_distutils_commands:/home/root/march_31_ws/install/starling_hover/lib/python3.6/site-packages:${PYTHONPATH} SHLVL=2 _=/usr/bin/env /usr/bin/python3 -W ignore:setup.py install is deprecated -W ignore:easy_install command is deprecated setup.py egg_info --egg-base ../../build/starling_hover build --build-base /home/root/march_31_ws/build/starling_hover/build install --record /home/root/march_31_ws/build/starling_hover/install.log --install-scripts $base/lib/starling_hover --single-version-externally-managed install_data
[2.143s] Level 1:colcon.colcon_core.environment:checking '/home/root/march_31_ws/install/starling_hover' for CMake module files
[2.147s] Level 1:colcon.colcon_core.environment:checking '/home/root/march_31_ws/install/starling_hover' for CMake config files
[2.155s] Level 1:colcon.colcon_core.environment:checking '/home/root/march_31_ws/install/starling_hover/lib'
[2.156s] Level 1:colcon.colcon_core.environment:checking '/home/root/march_31_ws/install/starling_hover/bin'
[2.156s] Level 1:colcon.colcon_core.environment:checking '/home/root/march_31_ws/install/starling_hover/lib/pkgconfig/starling_hover.pc'
[2.157s] Level 1:colcon.colcon_core.environment:checking '/home/root/march_31_ws/install/starling_hover/lib/python3.6/site-packages'
[2.157s] Level 1:colcon.colcon_core.shell:create_environment_hook('starling_hover', 'pythonpath')
[2.158s] INFO:colcon.colcon_core.shell:Creating environment hook '/home/root/march_31_ws/install/starling_hover/share/starling_hover/hook/pythonpath.ps1'
[2.159s] INFO:colcon.colcon_core.shell:Creating environment descriptor '/home/root/march_31_ws/install/starling_hover/share/starling_hover/hook/pythonpath.dsv'
[2.160s] INFO:colcon.colcon_core.shell:Creating environment hook '/home/root/march_31_ws/install/starling_hover/share/starling_hover/hook/pythonpath.sh'
[2.161s] Level 1:colcon.colcon_core.environment:checking '/home/root/march_31_ws/install/starling_hover/bin'
[2.162s] Level 1:colcon.colcon_core.environment:create_environment_scripts_only(starling_hover)
[2.162s] INFO:colcon.colcon_core.shell:Creating package script '/home/root/march_31_ws/install/starling_hover/share/starling_hover/package.ps1'
[2.166s] INFO:colcon.colcon_core.shell:Creating package descriptor '/home/root/march_31_ws/install/starling_hover/share/starling_hover/package.dsv'
[2.168s] INFO:colcon.colcon_core.shell:Creating package script '/home/root/march_31_ws/install/starling_hover/share/starling_hover/package.sh'
[2.170s] INFO:colcon.colcon_core.shell:Creating package script '/home/root/march_31_ws/install/starling_hover/share/starling_hover/package.bash'
[2.172s] INFO:colcon.colcon_core.shell:Creating package script '/home/root/march_31_ws/install/starling_hover/share/starling_hover/package.zsh'
[2.173s] Level 1:colcon.colcon_core.environment:create_file_with_runtime_dependencies(/home/root/march_31_ws/install/starling_hover/share/colcon-core/packages/starling_hover)
[11.198s] DEBUG:colcon.colcon_core.event_handler.log_command:Invoked command in '/home/root/march_31_ws/build/px4_msgs' returned '0': CMAKE_PREFIX_PATH=${CMAKE_PREFIX_PATH}:/home/root/march_31_ws/install/starling_hover:/opt/ros/foxy/mpa_to_ros2/install/voxl_offboard_figure8 SHLVL=2 _=/usr/bin/env /usr/bin/cmake /home/root/march_31_ws/src/px4_msgs -DCMAKE_INSTALL_PREFIX=/home/root/march_31_ws/install/px4_msgs
[11.211s] DEBUG:colcon.colcon_core.event_handler.log_command:Invoking command in '/home/root/march_31_ws/build/px4_msgs': CMAKE_PREFIX_PATH=${CMAKE_PREFIX_PATH}:/home/root/march_31_ws/install/starling_hover:/opt/ros/foxy/mpa_to_ros2/install/voxl_offboard_figure8 SHLVL=2 _=/usr/bin/env /usr/bin/cmake --build /home/root/march_31_ws/build/px4_msgs -- -j8 -l8
[14.939s] DEBUG:colcon.colcon_parallel_executor.executor.parallel:run_until_complete was interrupted
[14.941s] DEBUG:colcon.colcon_parallel_executor.executor.parallel:run_until_complete again
[15.012s] DEBUG:colcon.colcon_core.event_handler.log_command:Invoked command in '/home/root/march_31_ws/build/px4_msgs' returned '-2': CMAKE_PREFIX_PATH=${CMAKE_PREFIX_PATH}:/home/root/march_31_ws/install/starling_hover:/opt/ros/foxy/mpa_to_ros2/install/voxl_offboard_figure8 SHLVL=2 _=/usr/bin/env /usr/bin/cmake --build /home/root/march_31_ws/build/px4_msgs -- -j8 -l8
[20.281s] Level 1:colcon.colcon_core.environment:create_environment_scripts_only(px4_msgs)
[20.288s] Level 1:colcon.colcon_core.environment:checking '/home/root/march_31_ws/install/px4_msgs' for CMake module files
[20.290s] Level 1:colcon.colcon_core.environment:checking '/home/root/march_31_ws/install/px4_msgs' for CMake config files
[20.293s] Level 1:colcon.colcon_core.environment:checking '/home/root/march_31_ws/install/px4_msgs/bin'
[20.293s] Level 1:colcon.colcon_core.environment:checking '/home/root/march_31_ws/install/px4_msgs/lib/pkgconfig/px4_msgs.pc'
[20.294s] Level 1:colcon.colcon_core.environment:checking '/home/root/march_31_ws/install/px4_msgs/lib/python3.6/site-packages'
[20.296s] Level 1:colcon.colcon_core.environment:checking '/home/root/march_31_ws/install/px4_msgs/bin'
[20.297s] INFO:colcon.colcon_core.shell:Creating package script '/home/root/march_31_ws/install/px4_msgs/share/px4_msgs/package.ps1'
[20.299s] INFO:colcon.colcon_core.shell:Creating package descriptor '/home/root/march_31_ws/install/px4_msgs/share/px4_msgs/package.dsv'
[20.300s] INFO:colcon.colcon_core.shell:Creating package script '/home/root/march_31_ws/install/px4_msgs/share/px4_msgs/package.sh'
[20.301s] INFO:colcon.colcon_core.shell:Creating package script '/home/root/march_31_ws/install/px4_msgs/share/px4_msgs/package.bash'
[20.301s] INFO:colcon.colcon_core.shell:Creating package script '/home/root/march_31_ws/install/px4_msgs/share/px4_msgs/package.zsh'
[20.302s] Level 1:colcon.colcon_core.environment:create_file_with_runtime_dependencies(/home/root/march_31_ws/install/px4_msgs/share/colcon-core/packages/px4_msgs)
[20.313s] DEBUG:colcon.colcon_parallel_executor.executor.parallel:run_until_complete finished
[20.313s] DEBUG:colcon.colcon_parallel_executor.executor.parallel:closing loop
[20.314s] DEBUG:colcon.colcon_parallel_executor.executor.parallel:loop closed
[20.314s] DEBUG:colcon.colcon_core.event_reactor:joining thread
[20.357s] INFO:colcon.colcon_core.plugin_system:Skipping extension 'colcon_notification.desktop_notification.notify_send': Could not find 'notify-send'
[20.358s] INFO:colcon.colcon_core.plugin_system:Skipping extension 'colcon_notification.desktop_notification.terminal_notifier': Not used on non-Darwin systems
[20.358s] INFO:colcon.colcon_core.plugin_system:Skipping extension 'colcon_notification.desktop_notification.win32': Not used on non-Windows systems
[20.358s] INFO:colcon.colcon_notification.desktop_notification:Sending desktop notification using 'notify2'
[20.358s] DEBUG:colcon.colcon_notification.desktop_notification.notify2:Failed to initialize notify2: org.freedesktop.DBus.Error.NotSupported: Unable to autolaunch a dbus-daemon without a $DISPLAY for X11
[20.358s] DEBUG:colcon.colcon_core.event_reactor:joined thread
[20.360s] INFO:colcon.colcon_core.shell:Creating prefix script '/home/root/march_31_ws/install/local_setup.ps1'
[20.370s] INFO:colcon.colcon_core.shell:Creating prefix util module '/home/root/march_31_ws/install/_local_setup_util_ps1.py'
[20.380s] INFO:colcon.colcon_core.shell:Creating prefix chain script '/home/root/march_31_ws/install/setup.ps1'
[20.384s] INFO:colcon.colcon_core.shell:Creating prefix script '/home/root/march_31_ws/install/local_setup.sh'
[20.386s] INFO:colcon.colcon_core.shell:Creating prefix util module '/home/root/march_31_ws/install/_local_setup_util_sh.py'
[20.387s] INFO:colcon.colcon_core.shell:Creating prefix chain script '/home/root/march_31_ws/install/setup.sh'
[20.390s] INFO:colcon.colcon_core.shell:Creating prefix script '/home/root/march_31_ws/install/local_setup.bash'
[20.391s] INFO:colcon.colcon_core.shell:Creating prefix chain script '/home/root/march_31_ws/install/setup.bash'
[20.395s] INFO:colcon.colcon_core.shell:Creating prefix script '/home/root/march_31_ws/install/local_setup.zsh'
[20.396s] INFO:colcon.colcon_core.shell:Creating prefix chain script '/home/root/march_31_ws/install/setup.zsh'
