[0.685s] Invoking command in '/home/root/march_31_ws/src/starling_hover': PYTHONPATH=/home/root/march_31_ws/build/starling_hover/prefix_override:/usr/local/lib/python3.6/dist-packages/colcon_core/task/python/colcon_distutils_commands:/home/root/march_31_ws/install/starling_hover/lib/python3.6/site-packages:${PYTHONPATH} SHLVL=2 _=/usr/bin/env /usr/bin/python3 -W ignore:setup.py install is deprecated -W ignore:easy_install command is deprecated setup.py egg_info --egg-base ../../build/starling_hover build --build-base /home/root/march_31_ws/build/starling_hover/build install --record /home/root/march_31_ws/build/starling_hover/install.log --install-scripts $base/lib/starling_hover --single-version-externally-managed install_data
[0.915s] running egg_info
[0.916s] writing ../../build/starling_hover/starling_hover.egg-info/PKG-INFO
[0.917s] writing dependency_links to ../../build/starling_hover/starling_hover.egg-info/dependency_links.txt
[0.918s] writing entry points to ../../build/starling_hover/starling_hover.egg-info/entry_points.txt
[0.919s] writing requirements to ../../build/starling_hover/starling_hover.egg-info/requires.txt
[0.920s] writing top-level names to ../../build/starling_hover/starling_hover.egg-info/top_level.txt
[0.953s] reading manifest file '../../build/starling_hover/starling_hover.egg-info/SOURCES.txt'
[0.957s] writing manifest file '../../build/starling_hover/starling_hover.egg-info/SOURCES.txt'
[0.958s] running build
[0.958s] running build_py
[0.958s] copying starling_hover/hover.py -> /home/root/march_31_ws/build/starling_hover/build/lib/starling_hover
[0.958s] running install
[0.958s] running install_lib
[0.958s] copying /home/root/march_31_ws/build/starling_hover/build/lib/starling_hover/hover.py -> /home/root/march_31_ws/install/starling_hover/lib/python3.6/site-packages/starling_hover
[0.958s] byte-compiling /home/root/march_31_ws/install/starling_hover/lib/python3.6/site-packages/starling_hover/hover.py to hover.cpython-36.pyc
[0.959s] running install_data
[0.960s] running install_egg_info
[0.961s] removing '/home/root/march_31_ws/install/starling_hover/lib/python3.6/site-packages/starling_hover-0.0.0-py3.6.egg-info' (and everything under it)
[0.963s] Copying ../../build/starling_hover/starling_hover.egg-info to /home/root/march_31_ws/install/starling_hover/lib/python3.6/site-packages/starling_hover-0.0.0-py3.6.egg-info
[0.963s] running install_scripts
[0.984s] Installing hover script to /home/root/march_31_ws/install/starling_hover/lib/starling_hover
[0.984s] writing list of installed files to '/home/root/march_31_ws/build/starling_hover/install.log'
[1.020s] Invoked command in '/home/root/march_31_ws/src/starling_hover' returned '0': PYTHONPATH=/home/root/march_31_ws/build/starling_hover/prefix_override:/usr/local/lib/python3.6/dist-packages/colcon_core/task/python/colcon_distutils_commands:/home/root/march_31_ws/install/starling_hover/lib/python3.6/site-packages:${PYTHONPATH} SHLVL=2 _=/usr/bin/env /usr/bin/python3 -W ignore:setup.py install is deprecated -W ignore:easy_install command is deprecated setup.py egg_info --egg-base ../../build/starling_hover build --build-base /home/root/march_31_ws/build/starling_hover/build install --record /home/root/march_31_ws/build/starling_hover/install.log --install-scripts $base/lib/starling_hover --single-version-externally-managed install_data
