[0.786s] Invoking command in '/home/root/march_31_ws/src/starling_hover': PYTHONPATH=/home/root/march_31_ws/build/starling_hover/prefix_override:/usr/local/lib/python3.6/dist-packages/colcon_core/task/python/colcon_distutils_commands:/home/root/march_31_ws/install/starling_hover/lib/python3.6/site-packages:${PYTHONPATH} SHLVL=2 _=/usr/bin/env /usr/bin/python3 -W ignore:setup.py install is deprecated -W ignore:easy_install command is deprecated setup.py egg_info --egg-base ../../build/starling_hover build --build-base /home/root/march_31_ws/build/starling_hover/build install --record /home/root/march_31_ws/build/starling_hover/install.log --install-scripts $base/lib/starling_hover --single-version-externally-managed install_data
[1.042s] running egg_info
[1.043s] creating ../../build/starling_hover/starling_hover.egg-info
[1.043s] writing ../../build/starling_hover/starling_hover.egg-info/PKG-INFO
[1.044s] writing dependency_links to ../../build/starling_hover/starling_hover.egg-info/dependency_links.txt
[1.044s] writing entry points to ../../build/starling_hover/starling_hover.egg-info/entry_points.txt
[1.044s] writing requirements to ../../build/starling_hover/starling_hover.egg-info/requires.txt
[1.045s] writing top-level names to ../../build/starling_hover/starling_hover.egg-info/top_level.txt
[1.045s] writing manifest file '../../build/starling_hover/starling_hover.egg-info/SOURCES.txt'
[1.080s] package init file 'starling_hover/__init__.py' not found (or not a regular file)
[1.083s] reading manifest file '../../build/starling_hover/starling_hover.egg-info/SOURCES.txt'
[1.086s] writing manifest file '../../build/starling_hover/starling_hover.egg-info/SOURCES.txt'
[1.087s] running build
[1.088s] running build_py
[1.089s] creating /home/root/march_31_ws/build/starling_hover/build
[1.090s] creating /home/root/march_31_ws/build/starling_hover/build/lib
[1.093s] creating /home/root/march_31_ws/build/starling_hover/build/lib/starling_hover
[1.094s] copying starling_hover/hover.py -> /home/root/march_31_ws/build/starling_hover/build/lib/starling_hover
[1.095s] running install
[1.095s] running install_lib
[1.096s] creating /home/root/march_31_ws/install/starling_hover/lib/python3.6/site-packages/starling_hover
[1.097s] copying /home/root/march_31_ws/build/starling_hover/build/lib/starling_hover/hover.py -> /home/root/march_31_ws/install/starling_hover/lib/python3.6/site-packages/starling_hover
[1.098s] byte-compiling /home/root/march_31_ws/install/starling_hover/lib/python3.6/site-packages/starling_hover/hover.py to hover.cpython-36.pyc
[1.098s] running install_data
[1.099s] creating /home/root/march_31_ws/install/starling_hover/share/ament_index
[1.100s] creating /home/root/march_31_ws/install/starling_hover/share/ament_index/resource_index
[1.100s] creating /home/root/march_31_ws/install/starling_hover/share/ament_index/resource_index/packages
[1.101s] copying resource/starling_hover -> /home/root/march_31_ws/install/starling_hover/share/ament_index/resource_index/packages
[1.101s] copying package.xml -> /home/root/march_31_ws/install/starling_hover/share/starling_hover
[1.102s] running install_egg_info
[1.102s] Copying ../../build/starling_hover/starling_hover.egg-info to /home/root/march_31_ws/install/starling_hover/lib/python3.6/site-packages/starling_hover-0.0.0-py3.6.egg-info
[1.103s] running install_scripts
[1.116s] Installing hover script to /home/root/march_31_ws/install/starling_hover/lib/starling_hover
[1.116s] writing list of installed files to '/home/root/march_31_ws/build/starling_hover/install.log'
[1.176s] Invoked command in '/home/root/march_31_ws/src/starling_hover' returned '0': PYTHONPATH=/home/root/march_31_ws/build/starling_hover/prefix_override:/usr/local/lib/python3.6/dist-packages/colcon_core/task/python/colcon_distutils_commands:/home/root/march_31_ws/install/starling_hover/lib/python3.6/site-packages:${PYTHONPATH} SHLVL=2 _=/usr/bin/env /usr/bin/python3 -W ignore:setup.py install is deprecated -W ignore:easy_install command is deprecated setup.py egg_info --egg-base ../../build/starling_hover build --build-base /home/root/march_31_ws/build/starling_hover/build install --record /home/root/march_31_ws/build/starling_hover/install.log --install-scripts $base/lib/starling_hover --single-version-externally-managed install_data
